------------------------------------------------------------------
 dataset  k  step    acc   weights   best_weights     best_acc    
------------------------------------------------------------------
bupa  3  0    79.1471   [0, 0, 0, 0, 0, 0, 104]   [0, 0, 0, 0, 0, 0, 104]     79.1471
bupa  7  0    75.2647   [0, 0, 0, 0, 0, 0, 104]   [0, 0, 0, 0, 0, 0, 104]     75.2647
bupa  5  0    76.7353   [0, 0, 0, 0, 0, 0, 104]   [0, 0, 0, 0, 0, 0, 104]     76.7353
bupa  7  1    75.5588   [0, 0, 0, 0, 0, 13, 91]   [0, 0, 0, 0, 0, 13, 91]     75.5588
bupa  3  1    79.2353   [0, 0, 0, 0, 0, 13, 91]   [0, 0, 0, 0, 0, 13, 91]     79.2353
bupa  5  1    76.9118   [0, 0, 0, 0, 0, 13, 91]   [0, 0, 0, 0, 0, 13, 91]     76.9118
bupa  3  2    79.2647   [0, 0, 0, 0, 0, 26, 78]   [0, 0, 0, 0, 0, 26, 78]     79.2647
bupa  5  2    76.9412   [0, 0, 0, 0, 0, 26, 78]   [0, 0, 0, 0, 0, 26, 78]     76.9412
bupa  7  13    76.5   [0, 0, 0, 0, 13, 52, 39]   [0, 0, 0, 0, 13, 52, 39]     76.5
bupa  5  25    76.9706   [0, 0, 0, 0, 39, 13, 52]   [0, 0, 0, 0, 39, 13, 52]     76.9706
bupa  7  20    76.5588   [0, 0, 0, 0, 26, 39, 39]   [0, 0, 0, 0, 26, 39, 39]     76.5588
bupa  3  50    57.7647   [0, 0, 0, 13, 0, 65, 26]   [0, 0, 0, 0, 0, 26, 78]     79.2647
bupa  7  21    76.6176   [0, 0, 0, 0, 26, 52, 26]   [0, 0, 0, 0, 26, 52, 26]     76.6176
bupa  5  50    58.0588   [0, 0, 0, 13, 0, 65, 26]   [0, 0, 0, 0, 39, 13, 52]     76.9706
bupa  7  30    76.7353   [0, 0, 0, 0, 52, 0, 52]   [0, 0, 0, 0, 52, 0, 52]     76.7353
bupa  7  32    76.8529   [0, 0, 0, 0, 52, 26, 26]   [0, 0, 0, 0, 52, 26, 26]     76.8529
bupa  3  94    79.3235   [0, 0, 0, 26, 26, 0, 52]   [0, 0, 0, 26, 26, 0, 52]     79.3235
bupa  5  99    77   [0, 0, 0, 26, 39, 0, 39]   [0, 0, 0, 26, 39, 0, 39]     77
bupa  5  100    76.7059   [0, 0, 0, 26, 39, 13, 26]   [0, 0, 0, 26, 39, 0, 39]     77
bupa  7  41    76.9412   [0, 0, 0, 0, 78, 26, 0]   [0, 0, 0, 0, 78, 26, 0]     76.9412
bupa  3  100    78.2941   [0, 0, 0, 26, 39, 13, 26]   [0, 0, 0, 26, 26, 0, 52]     79.3235
bupa  7  50    58.0588   [0, 0, 0, 13, 0, 65, 26]   [0, 0, 0, 0, 78, 26, 0]     76.9412
bupa  5  150    57.9412   [0, 0, 0, 65, 13, 13, 13]   [0, 0, 0, 26, 39, 0, 39]     77
bupa  5  169    77.9706   [0, 0, 13, 0, 0, 52, 39]   [0, 0, 13, 0, 0, 52, 39]     77.9706
bupa  3  150    57.9412   [0, 0, 0, 65, 13, 13, 13]   [0, 0, 0, 26, 26, 0, 52]     79.3235
bupa  5  176    78   [0, 0, 13, 0, 13, 39, 39]   [0, 0, 13, 0, 13, 39, 39]     78
bupa  3  169    80.8235   [0, 0, 13, 0, 0, 52, 39]   [0, 0, 13, 0, 0, 52, 39]     80.8235
bupa  3  176    81.1765   [0, 0, 13, 0, 13, 39, 39]   [0, 0, 13, 0, 13, 39, 39]     81.1765
bupa  7  100    76.5   [0, 0, 0, 26, 39, 13, 26]   [0, 0, 0, 0, 78, 26, 0]     76.9412
bupa  5  200    75.8529   [0, 0, 13, 0, 91, 0, 0]   [0, 0, 13, 0, 13, 39, 39]     78
bupa  5  204    78.0294   [0, 0, 13, 13, 0, 39, 39]   [0, 0, 13, 13, 0, 39, 39]     78.0294
bupa  3  187    82   [0, 0, 13, 0, 39, 13, 39]   [0, 0, 13, 0, 39, 13, 39]     82
bupa  3  200    77.5588   [0, 0, 13, 0, 91, 0, 0]   [0, 0, 13, 0, 39, 13, 39]     82
bupa  7  150    57.9412   [0, 0, 0, 65, 13, 13, 13]   [0, 0, 0, 0, 78, 26, 0]     76.9412
bupa  5  250    76.8235   [0, 0, 13, 39, 0, 0, 52]   [0, 0, 13, 13, 0, 39, 39]     78.0294
bupa  7  169    77.7353   [0, 0, 13, 0, 0, 52, 39]   [0, 0, 13, 0, 0, 52, 39]     77.7353
bupa  3  250    79.0588   [0, 0, 13, 39, 0, 0, 52]   [0, 0, 13, 0, 39, 13, 39]     82
bupa  5  288    78.0882   [0, 0, 26, 0, 0, 39, 39]   [0, 0, 26, 0, 0, 39, 39]     78.0882
bupa  7  186    77.7941   [0, 0, 13, 0, 39, 0, 52]   [0, 0, 13, 0, 39, 0, 52]     77.7941
bupa  5  300    76.6765   [0, 0, 26, 0, 26, 26, 26]   [0, 0, 26, 0, 0, 39, 39]     78.0882
bupa  7  200    76.7059   [0, 0, 13, 0, 91, 0, 0]   [0, 0, 13, 0, 39, 0, 52]     77.7941
bupa  3  300    81.9118   [0, 0, 26, 0, 26, 26, 26]   [0, 0, 13, 0, 39, 13, 39]     82
bupa  3  303    82.0294   [0, 0, 26, 0, 39, 0, 39]   [0, 0, 26, 0, 39, 0, 39]     82.0294
bupa  3  324    82.1176   [0, 0, 26, 13, 26, 0, 39]   [0, 0, 26, 13, 26, 0, 39]     82.1176
bupa  5  350    77.9412   [0, 0, 26, 39, 0, 13, 26]   [0, 0, 26, 0, 0, 39, 39]     78.0882
bupa  3  350    80.0294   [0, 0, 26, 39, 0, 13, 26]   [0, 0, 26, 13, 26, 0, 39]     82.1176
bupa  7  250    75.3235   [0, 0, 13, 39, 0, 0, 52]   [0, 0, 13, 0, 39, 0, 52]     77.7941
bupa  5  400    76.9412   [0, 0, 39, 13, 26, 13, 13]   [0, 0, 26, 0, 0, 39, 39]     78.0882
bupa  3  376    82.2059   [0, 0, 39, 0, 13, 13, 39]   [0, 0, 39, 0, 13, 13, 39]     82.2059
bupa  3  400    81.4706   [0, 0, 39, 13, 26, 13, 13]   [0, 0, 39, 0, 13, 13, 39]     82.2059
bupa  7  288    77.8529   [0, 0, 26, 0, 0, 39, 39]   [0, 0, 26, 0, 0, 39, 39]     77.8529
bupa  7  300    77.5588   [0, 0, 26, 0, 26, 26, 26]   [0, 0, 26, 0, 0, 39, 39]     77.8529
bupa  5  450    73.9706   [0, 0, 52, 26, 0, 0, 26]   [0, 0, 26, 0, 0, 39, 39]     78.0882
bupa  3  450    78.6471   [0, 0, 52, 26, 0, 0, 26]   [0, 0, 39, 0, 13, 13, 39]     82.2059
bupa  5  500    57.8824   [0, 13, 0, 0, 0, 65, 26]   [0, 0, 26, 0, 0, 39, 39]     78.0882
bupa  7  350    77.6765   [0, 0, 26, 39, 0, 13, 26]   [0, 0, 26, 0, 0, 39, 39]     77.8529
bupa  3  500    57.5588   [0, 13, 0, 0, 0, 65, 26]   [0, 0, 39, 0, 13, 13, 39]     82.2059
bupa  7  377    77.9412   [0, 0, 39, 0, 13, 26, 26]   [0, 0, 39, 0, 13, 26, 26]     77.9412
bupa  7  382    77.9706   [0, 0, 39, 0, 26, 26, 13]   [0, 0, 39, 0, 26, 26, 13]     77.9706
bupa  5  550    76.7353   [0, 13, 0, 13, 39, 13, 26]   [0, 0, 26, 0, 0, 39, 39]     78.0882
bupa  3  550    78.1765   [0, 13, 0, 13, 39, 13, 26]   [0, 0, 39, 0, 13, 13, 39]     82.2059
bupa  7  400    78.0882   [0, 0, 39, 13, 26, 13, 13]   [0, 0, 39, 13, 26, 13, 13]     78.0882
bupa  5  600    58.0588   [0, 13, 0, 52, 13, 13, 13]   [0, 0, 26, 0, 0, 39, 39]     78.0882
bupa  7  450    76   [0, 0, 52, 26, 0, 0, 26]   [0, 0, 39, 13, 26, 13, 13]     78.0882
bupa  3  600    58.0588   [0, 13, 0, 52, 13, 13, 13]   [0, 0, 39, 0, 13, 13, 39]     82.2059
bupa  5  624    78.1176   [0, 13, 13, 0, 13, 26, 39]   [0, 13, 13, 0, 13, 26, 39]     78.1176
bupa  5  650    78   [0, 13, 13, 13, 13, 13, 39]   [0, 13, 13, 0, 13, 26, 39]     78.1176
bupa  7  500    57.8824   [0, 13, 0, 0, 0, 65, 26]   [0, 0, 39, 13, 26, 13, 13]     78.0882
bupa  3  650    81.1471   [0, 13, 13, 13, 13, 13, 39]   [0, 0, 39, 0, 13, 13, 39]     82.2059
bupa  5  700    76.8235   [0, 13, 26, 0, 0, 13, 52]   [0, 13, 13, 0, 13, 26, 39]     78.1176
bupa  7  550    76.4706   [0, 13, 0, 13, 39, 13, 26]   [0, 0, 39, 13, 26, 13, 13]     78.0882
bupa  5  706    78.1471   [0, 13, 26, 0, 13, 13, 39]   [0, 13, 26, 0, 13, 13, 39]     78.1471
bupa  3  700    79.1471   [0, 13, 26, 0, 0, 13, 52]   [0, 0, 39, 0, 13, 13, 39]     82.2059
bupa  3  711    82.2353   [0, 13, 26, 0, 26, 13, 26]   [0, 13, 26, 0, 26, 13, 26]     82.2353
bupa  5  750    75.5882   [0, 13, 26, 39, 26, 0, 0]   [0, 13, 26, 0, 13, 13, 39]     78.1471
bupa  3  750    78.5294   [0, 13, 26, 39, 26, 0, 0]   [0, 13, 26, 0, 26, 13, 26]     82.2353
bupa  7  600    58.0588   [0, 13, 0, 52, 13, 13, 13]   [0, 0, 39, 13, 26, 13, 13]     78.0882
bupa  5  800    73.9706   [0, 13, 52, 13, 0, 0, 26]   [0, 13, 26, 0, 13, 13, 39]     78.1471
bupa  3  800    78.4706   [0, 13, 52, 13, 0, 0, 26]   [0, 13, 26, 0, 26, 13, 26]     82.2353
bupa  7  650    77.4118   [0, 13, 13, 13, 13, 13, 39]   [0, 0, 39, 13, 26, 13, 13]     78.0882
bupa  5  850    75.9706   [0, 26, 0, 0, 65, 0, 13]   [0, 13, 26, 0, 13, 13, 39]     78.1471
bupa  3  850    77.6765   [0, 26, 0, 0, 65, 0, 13]   [0, 13, 26, 0, 26, 13, 26]     82.2353
bupa  5  900    58.0294   [0, 26, 0, 52, 0, 13, 13]   [0, 13, 26, 0, 13, 13, 39]     78.1471
bupa  7  700    75.3529   [0, 13, 26, 0, 0, 13, 52]   [0, 0, 39, 13, 26, 13, 13]     78.0882
bupa  3  900    58.0294   [0, 26, 0, 52, 0, 13, 13]   [0, 13, 26, 0, 26, 13, 26]     82.2353
bupa  5  950    57.9118   [0, 26, 13, 26, 13, 13, 13]   [0, 13, 26, 0, 13, 13, 39]     78.1471
bupa  7  750    77.0588   [0, 13, 26, 39, 26, 0, 0]   [0, 0, 39, 13, 26, 13, 13]     78.0882
bupa  3  950    58.2059   [0, 26, 13, 26, 13, 13, 13]   [0, 13, 26, 0, 26, 13, 26]     82.2353
bupa  7  774    78.2059   [0, 13, 39, 13, 13, 0, 26]   [0, 13, 39, 13, 13, 0, 26]     78.2059
bupa  5  1000    78.0588   [0, 26, 39, 0, 0, 0, 39]   [0, 13, 26, 0, 13, 13, 39]     78.1471
bupa  3  1000    80.0882   [0, 26, 39, 0, 0, 0, 39]   [0, 13, 26, 0, 26, 13, 26]     82.2353
bupa  7  800    76.0588   [0, 13, 52, 13, 0, 0, 26]   [0, 13, 39, 13, 13, 0, 26]     78.2059
bupa  5  1050    76.8529   [0, 39, 0, 0, 39, 0, 26]   [0, 13, 26, 0, 13, 13, 39]     78.1471
bupa  3  1050    78.3235   [0, 39, 0, 0, 39, 0, 26]   [0, 13, 26, 0, 26, 13, 26]     82.2353
bupa  7  850    76.9412   [0, 26, 0, 0, 65, 0, 13]   [0, 13, 39, 13, 13, 0, 26]     78.2059
bupa  5  1100    76.7353   [0, 39, 13, 0, 26, 0, 26]   [0, 13, 26, 0, 13, 13, 39]     78.1471
bupa  3  1100    78.1765   [0, 39, 13, 0, 26, 0, 26]   [0, 13, 26, 0, 26, 13, 26]     82.2353
bupa  7  900    58.0294   [0, 26, 0, 52, 0, 13, 13]   [0, 13, 39, 13, 13, 0, 26]     78.2059
bupa  5  1150    75.6765   [0, 39, 39, 0, 13, 13, 0]   [0, 13, 26, 0, 13, 13, 39]     78.1471
bupa  3  1150    78.9118   [0, 39, 39, 0, 13, 13, 0]   [0, 13, 26, 0, 26, 13, 26]     82.2353
bupa  5  1200    76.7941   [0, 52, 13, 0, 13, 0, 26]   [0, 13, 26, 0, 13, 13, 39]     78.1471
bupa  3  1200    77.4412   [0, 52, 13, 0, 13, 0, 26]   [0, 13, 26, 0, 26, 13, 26]     82.2353
bupa  7  950    57.9118   [0, 26, 13, 26, 13, 13, 13]   [0, 13, 39, 13, 13, 0, 26]     78.2059
bupa  5  1216    78.1765   [0, 52, 26, 0, 0, 0, 26]   [0, 52, 26, 0, 0, 0, 26]     78.1765
bupa  5  1250    58.1176   [0, 65, 0, 39, 0, 0, 0]   [0, 52, 26, 0, 0, 0, 26]     78.1765
bupa  3  1250    58.1176   [0, 65, 0, 39, 0, 0, 0]   [0, 13, 26, 0, 26, 13, 26]     82.2353
bupa  7  1000    77.7941   [0, 26, 39, 0, 0, 0, 39]   [0, 13, 39, 13, 13, 0, 26]     78.2059
bupa  5  1300    58.0882   [13, 0, 0, 0, 13, 65, 13]   [0, 52, 26, 0, 0, 0, 26]     78.1765
bupa  3  1300    57.7353   [13, 0, 0, 0, 13, 65, 13]   [0, 13, 26, 0, 26, 13, 26]     82.2353
bupa  5  1350    76.0588   [13, 0, 0, 13, 78, 0, 0]   [0, 52, 26, 0, 0, 0, 26]     78.1765
bupa  3  1350    77.7941   [13, 0, 0, 13, 78, 0, 0]   [0, 13, 26, 0, 26, 13, 26]     82.2353
bupa  7  1050    76.5294   [0, 39, 0, 0, 39, 0, 26]   [0, 13, 39, 13, 13, 0, 26]     78.2059
bupa  5  1400    57.9118   [13, 0, 0, 65, 13, 0, 13]   [0, 52, 26, 0, 0, 0, 26]     78.1765
bupa  3  1400    57.9118   [13, 0, 0, 65, 13, 0, 13]   [0, 13, 26, 0, 26, 13, 26]     82.2353
bupa  3  1421    82.2941   [13, 0, 13, 0, 26, 13, 39]   [13, 0, 13, 0, 26, 13, 39]     82.2941
bupa  7  1100    76.4706   [0, 39, 13, 0, 26, 0, 26]   [0, 13, 39, 13, 13, 0, 26]     78.2059
bupa  5  1450    76.1176   [13, 0, 13, 13, 39, 0, 26]   [0, 52, 26, 0, 0, 0, 26]     78.1765
bupa  3  1450    81.3824   [13, 0, 13, 13, 39, 0, 26]   [13, 0, 13, 0, 26, 13, 39]     82.2941
bupa  5  1500    77.1765   [13, 0, 26, 0, 13, 39, 13]   [0, 52, 26, 0, 0, 0, 26]     78.1765
bupa  7  1150    77.1471   [0, 39, 39, 0, 13, 13, 0]   [0, 13, 39, 13, 13, 0, 26]     78.2059
bupa  3  1498    82.3235   [13, 0, 26, 0, 13, 13, 39]   [13, 0, 26, 0, 13, 13, 39]     82.3235
bupa  3  1500    81.4706   [13, 0, 26, 0, 13, 39, 13]   [13, 0, 26, 0, 13, 13, 39]     82.3235
bupa  3  1517    82.3235   [13, 0, 26, 13, 13, 0, 39]   [13, 0, 26, 13, 13, 0, 39]     82.3235
bupa  5  1550    76.6176   [13, 0, 39, 0, 0, 39, 13]   [0, 52, 26, 0, 0, 0, 26]     78.1765
bupa  7  1200    76.7941   [0, 52, 13, 0, 13, 0, 26]   [0, 13, 39, 13, 13, 0, 26]     78.2059
bupa  3  1550    81.4706   [13, 0, 39, 0, 0, 39, 13]   [13, 0, 26, 13, 13, 0, 39]     82.3235
bupa  5  1600    73.9412   [13, 0, 52, 26, 13, 0, 0]   [0, 52, 26, 0, 0, 0, 26]     78.1765
bupa  3  1600    78.6176   [13, 0, 52, 26, 13, 0, 0]   [13, 0, 26, 13, 13, 0, 39]     82.3235
bupa  7  1250    58.1176   [0, 65, 0, 39, 0, 0, 0]   [0, 13, 39, 13, 13, 0, 26]     78.2059
bupa  5  1650    57.8824   [13, 13, 0, 13, 0, 65, 0]   [0, 52, 26, 0, 0, 0, 26]     78.1765
bupa  3  1650    57.5882   [13, 13, 0, 13, 0, 65, 0]   [13, 0, 26, 13, 13, 0, 39]     82.3235
bupa  7  1300    58.0882   [13, 0, 0, 0, 13, 65, 13]   [0, 13, 39, 13, 13, 0, 26]     78.2059
bupa  5  1700    58.0294   [13, 13, 0, 78, 0, 0, 0]   [0, 52, 26, 0, 0, 0, 26]     78.1765
bupa  3  1700    58.0294   [13, 13, 0, 78, 0, 0, 0]   [13, 0, 26, 13, 13, 0, 39]     82.3235
bupa  7  1350    76.8235   [13, 0, 0, 13, 78, 0, 0]   [0, 13, 39, 13, 13, 0, 26]     78.2059
bupa  3  1712    82.3529   [13, 13, 13, 0, 26, 0, 39]   [13, 13, 13, 0, 26, 0, 39]     82.3529
bupa  5  1750    75.9412   [13, 13, 13, 39, 13, 0, 13]   [0, 52, 26, 0, 0, 0, 26]     78.1765
bupa  7  1400    57.9118   [13, 0, 0, 65, 13, 0, 13]   [0, 13, 39, 13, 13, 0, 26]     78.2059
bupa  3  1750    76.2647   [13, 13, 13, 39, 13, 0, 13]   [13, 13, 13, 0, 26, 0, 39]     82.3529
bupa  5  1800    75.6176   [13, 13, 39, 0, 26, 13, 0]   [0, 52, 26, 0, 0, 0, 26]     78.1765
bupa  7  1450    77.8235   [13, 0, 13, 13, 39, 0, 26]   [0, 13, 39, 13, 13, 0, 26]     78.2059
bupa  3  1800    81.2353   [13, 13, 39, 0, 26, 13, 0]   [13, 13, 13, 0, 26, 0, 39]     82.3529
bupa  5  1850    58.2059   [13, 26, 0, 13, 0, 26, 26]   [0, 52, 26, 0, 0, 0, 26]     78.1765
bupa  3  1850    59.0882   [13, 26, 0, 13, 0, 26, 26]   [13, 13, 13, 0, 26, 0, 39]     82.3529
bupa  7  1500    77.4118   [13, 0, 26, 0, 13, 39, 13]   [0, 13, 39, 13, 13, 0, 26]     78.2059
bupa  5  1900    58.0882   [13, 26, 13, 13, 0, 26, 13]   [0, 52, 26, 0, 0, 0, 26]     78.1765
bupa  3  1900    58.9412   [13, 26, 13, 13, 0, 26, 13]   [13, 13, 13, 0, 26, 0, 39]     82.3529
bupa  7  1550    77.1471   [13, 0, 39, 0, 0, 39, 13]   [0, 13, 39, 13, 13, 0, 26]     78.2059
bupa  5  1950    73.7941   [13, 26, 52, 0, 13, 0, 0]   [0, 52, 26, 0, 0, 0, 26]     78.1765
bupa  3  1950    78.4412   [13, 26, 52, 0, 13, 0, 0]   [13, 13, 13, 0, 26, 0, 39]     82.3529
bupa  7  1600    75.9412   [13, 0, 52, 26, 13, 0, 0]   [0, 13, 39, 13, 13, 0, 26]     78.2059
bupa  5  2000    57.7353   [13, 39, 13, 13, 0, 26, 0]   [0, 52, 26, 0, 0, 0, 26]     78.1765
bupa  3  2000    58.3235   [13, 39, 13, 13, 0, 26, 0]   [13, 13, 13, 0, 26, 0, 39]     82.3529
bupa  7  1650    57.8824   [13, 13, 0, 13, 0, 65, 0]   [0, 13, 39, 13, 13, 0, 26]     78.2059
bupa  5  2050    58.1176   [13, 52, 13, 13, 0, 13, 0]   [0, 52, 26, 0, 0, 0, 26]     78.1765
bupa  3  2050    58.1176   [13, 52, 13, 13, 0, 13, 0]   [13, 13, 13, 0, 26, 0, 39]     82.3529
bupa  5  2100    74.7353   [26, 0, 0, 0, 39, 39, 0]   [0, 52, 26, 0, 0, 0, 26]     78.1765
bupa  7  1700    58.0294   [13, 13, 0, 78, 0, 0, 0]   [0, 13, 39, 13, 13, 0, 26]     78.2059
bupa  3  2100    77.0294   [26, 0, 0, 0, 39, 39, 0]   [13, 13, 13, 0, 26, 0, 39]     82.3529
bupa  5  2150    74.7353   [26, 0, 0, 39, 26, 0, 13]   [0, 52, 26, 0, 0, 0, 26]     78.1765
bupa  3  2150    77.1176   [26, 0, 0, 39, 26, 0, 13]   [13, 13, 13, 0, 26, 0, 39]     82.3529
bupa  5  2200    76.3235   [26, 0, 13, 26, 0, 13, 26]   [0, 52, 26, 0, 0, 0, 26]     78.1765
bupa  7  1750    75.6471   [13, 13, 13, 39, 13, 0, 13]   [0, 13, 39, 13, 13, 0, 26]     78.2059
bupa  3  2200    79.1471   [26, 0, 13, 26, 0, 13, 26]   [13, 13, 13, 0, 26, 0, 39]     82.3529
bupa  5  2250    75.2647   [26, 0, 26, 39, 0, 0, 13]   [0, 52, 26, 0, 0, 0, 26]     78.1765
bupa  3  2250    79.6765   [26, 0, 26, 39, 0, 0, 13]   [13, 13, 13, 0, 26, 0, 39]     82.3529
bupa  7  1800    77.0294   [13, 13, 39, 0, 26, 13, 0]   [0, 13, 39, 13, 13, 0, 26]     78.2059
bupa  5  2300    76.5588   [26, 13, 0, 0, 26, 0, 39]   [0, 52, 26, 0, 0, 0, 26]     78.1765
bupa  3  2300    81.8235   [26, 13, 0, 0, 26, 0, 39]   [13, 13, 13, 0, 26, 0, 39]     82.3529
bupa  7  1850    58.2059   [13, 26, 0, 13, 0, 26, 26]   [0, 13, 39, 13, 13, 0, 26]     78.2059
bupa  5  2350    77.0882   [26, 13, 13, 0, 13, 0, 39]   [0, 52, 26, 0, 0, 0, 26]     78.1765
bupa  3  2350    82.3529   [26, 13, 13, 0, 13, 0, 39]   [13, 13, 13, 0, 26, 0, 39]     82.3529
bupa  5  2400    75.9118   [26, 13, 39, 0, 0, 0, 26]   [0, 52, 26, 0, 0, 0, 26]     78.1765
bupa  7  1900    58.0882   [13, 26, 13, 13, 0, 26, 13]   [0, 13, 39, 13, 13, 0, 26]     78.2059
bupa  3  2400    81.4412   [26, 13, 39, 0, 0, 0, 26]   [13, 13, 13, 0, 26, 0, 39]     82.3529
bupa  5  2450    77.3235   [26, 26, 13, 0, 0, 0, 39]   [0, 52, 26, 0, 0, 0, 26]     78.1765
bupa  3  2450    80.2647   [26, 26, 13, 0, 0, 0, 39]   [13, 13, 13, 0, 26, 0, 39]     82.3529
bupa  7  1950    75.8235   [13, 26, 52, 0, 13, 0, 0]   [0, 13, 39, 13, 13, 0, 26]     78.2059
bupa  5  2500    74.9706   [26, 39, 0, 13, 26, 0, 0]   [0, 52, 26, 0, 0, 0, 26]     78.1765
bupa  3  2500    77.3529   [26, 39, 0, 13, 26, 0, 0]   [13, 13, 13, 0, 26, 0, 39]     82.3529
bupa  7  2000    57.7353   [13, 39, 13, 13, 0, 26, 0]   [0, 13, 39, 13, 13, 0, 26]     78.2059
bupa  5  2550    75.2647   [39, 0, 0, 0, 13, 39, 13]   [0, 52, 26, 0, 0, 0, 26]     78.1765
bupa  3  2550    79.6176   [39, 0, 0, 0, 13, 39, 13]   [13, 13, 13, 0, 26, 0, 39]     82.3529
bupa  5  2600    74.6765   [39, 0, 13, 0, 0, 39, 13]   [0, 52, 26, 0, 0, 0, 26]     78.1765
bupa  3  2600    79.6176   [39, 0, 13, 0, 0, 39, 13]   [13, 13, 13, 0, 26, 0, 39]     82.3529
bupa  7  2050    58.1176   [13, 52, 13, 13, 0, 13, 0]   [0, 13, 39, 13, 13, 0, 26]     78.2059
bupa  5  2650    74.7647   [39, 0, 26, 26, 13, 0, 0]   [0, 52, 26, 0, 0, 0, 26]     78.1765
bupa  3  2650    79.4118   [39, 0, 26, 26, 13, 0, 0]   [13, 13, 13, 0, 26, 0, 39]     82.3529
bupa  7  2100    74.9706   [26, 0, 0, 0, 39, 39, 0]   [0, 13, 39, 13, 13, 0, 26]     78.2059
bupa  5  2700    74.8824   [39, 13, 0, 39, 13, 0, 0]   [0, 52, 26, 0, 0, 0, 26]     78.1765
bupa  3  2700    77.2647   [39, 13, 0, 39, 13, 0, 0]   [13, 13, 13, 0, 26, 0, 39]     82.3529
bupa  7  2150    75.0588   [26, 0, 0, 39, 26, 0, 13]   [0, 13, 39, 13, 13, 0, 26]     78.2059
bupa  5  2750    75.2353   [39, 26, 0, 13, 13, 0, 13]   [0, 52, 26, 0, 0, 0, 26]     78.1765
bupa  3  2750    79.5882   [39, 26, 0, 13, 13, 0, 13]   [13, 13, 13, 0, 26, 0, 39]     82.3529
bupa  7  2200    74.8529   [26, 0, 13, 26, 0, 13, 26]   [0, 13, 39, 13, 13, 0, 26]     78.2059
bupa  5  2800    75.0882   [52, 0, 0, 0, 13, 26, 13]   [0, 52, 26, 0, 0, 0, 26]     78.1765
bupa  3  2800    80.0588   [52, 0, 0, 0, 13, 26, 13]   [13, 13, 13, 0, 26, 0, 39]     82.3529
bupa  5  2850    75.0294   [52, 0, 26, 0, 0, 26, 0]   [0, 52, 26, 0, 0, 0, 26]     78.1765
bupa  7  2250    75.5294   [26, 0, 26, 39, 0, 0, 13]   [0, 13, 39, 13, 13, 0, 26]     78.2059
bupa  3  2850    80.0882   [52, 0, 26, 0, 0, 26, 0]   [13, 13, 13, 0, 26, 0, 39]     82.3529
bupa  5  2900    75.0882   [52, 26, 0, 0, 0, 26, 0]   [0, 52, 26, 0, 0, 0, 26]     78.1765
bupa  3  2900    80   [52, 26, 0, 0, 0, 26, 0]   [13, 13, 13, 0, 26, 0, 39]     82.3529
bupa  7  2300    77.5294   [26, 13, 0, 0, 26, 0, 39]   [0, 13, 39, 13, 13, 0, 26]     78.2059
bupa  5  2950    75.0294   [65, 0, 26, 0, 0, 13, 0]   [0, 52, 26, 0, 0, 0, 26]     78.1765
bupa  3  2950    79.9412   [65, 0, 26, 0, 0, 13, 0]   [13, 13, 13, 0, 26, 0, 39]     82.3529
bupa  5  3000    75.0882   [91, 0, 13, 0, 0, 0, 0]   [0, 52, 26, 0, 0, 0, 26]     78.1765
bupa  3  3000    80.0294   [91, 0, 13, 0, 0, 0, 0]   [13, 13, 13, 0, 26, 0, 39]     82.3529
bupa  7  2350    77.1176   [26, 13, 13, 0, 13, 0, 39]   [0, 13, 39, 13, 13, 0, 26]     78.2059
bupa  7  2400    75.5882   [26, 13, 39, 0, 0, 0, 26]   [0, 13, 39, 13, 13, 0, 26]     78.2059
bupa  7  2450    76.1471   [26, 26, 13, 0, 0, 0, 39]   [0, 13, 39, 13, 13, 0, 26]     78.2059
bupa  7  2500    75.2647   [26, 39, 0, 13, 26, 0, 0]   [0, 13, 39, 13, 13, 0, 26]     78.2059
bupa  7  2550    75.3235   [39, 0, 0, 0, 13, 39, 13]   [0, 13, 39, 13, 13, 0, 26]     78.2059
bupa  7  2600    74.0882   [39, 0, 13, 0, 0, 39, 13]   [0, 13, 39, 13, 13, 0, 26]     78.2059
bupa  7  2650    75.0588   [39, 0, 26, 26, 13, 0, 0]   [0, 13, 39, 13, 13, 0, 26]     78.2059
bupa  7  2700    75.1176   [39, 13, 0, 39, 13, 0, 0]   [0, 13, 39, 13, 13, 0, 26]     78.2059
bupa  7  2750    75.2353   [39, 26, 0, 13, 13, 0, 13]   [0, 13, 39, 13, 13, 0, 26]     78.2059
bupa  7  2800    75.1471   [52, 0, 0, 0, 13, 26, 13]   [0, 13, 39, 13, 13, 0, 26]     78.2059
bupa  7  2850    75.1176   [52, 0, 26, 0, 0, 26, 0]   [0, 13, 39, 13, 13, 0, 26]     78.2059
bupa  7  2900    75.0882   [52, 26, 0, 0, 0, 26, 0]   [0, 13, 39, 13, 13, 0, 26]     78.2059
bupa  7  2950    74.9706   [65, 0, 26, 0, 0, 13, 0]   [0, 13, 39, 13, 13, 0, 26]     78.2059
bupa  7  3000    75.0882   [91, 0, 13, 0, 0, 0, 0]   [0, 13, 39, 13, 13, 0, 26]     78.2059
