------------------------------------------------------------------
 dataset  k  step    acc   weights   best_weights     best_acc    
------------------------------------------------------------------
ThoraricSurgery  7  0    85.3191   [0, 0, 0, 0, 0, 0, 104]   [0, 0, 0, 0, 0, 0, 104]     85.3191
ThoraricSurgery  5  0    85.7447   [0, 0, 0, 0, 0, 0, 104]   [0, 0, 0, 0, 0, 0, 104]     85.7447
ThoraricSurgery  3  0    87.6596   [0, 0, 0, 0, 0, 0, 104]   [0, 0, 0, 0, 0, 0, 104]     87.6596
ThoraricSurgery  7  50    85.1064   [0, 0, 0, 13, 0, 65, 26]   [0, 0, 0, 0, 0, 0, 104]     85.3191
ThoraricSurgery  3  50    85.1064   [0, 0, 0, 13, 0, 65, 26]   [0, 0, 0, 0, 0, 0, 104]     87.6596
ThoraricSurgery  5  50    85.1064   [0, 0, 0, 13, 0, 65, 26]   [0, 0, 0, 0, 0, 0, 104]     85.7447
ThoraricSurgery  7  100    85.1064   [0, 0, 0, 26, 39, 13, 26]   [0, 0, 0, 0, 0, 0, 104]     85.3191
ThoraricSurgery  3  100    85.1064   [0, 0, 0, 26, 39, 13, 26]   [0, 0, 0, 0, 0, 0, 104]     87.6596
ThoraricSurgery  5  100    85.1064   [0, 0, 0, 26, 39, 13, 26]   [0, 0, 0, 0, 0, 0, 104]     85.7447
ThoraricSurgery  7  150    84.4681   [0, 0, 0, 65, 13, 13, 13]   [0, 0, 0, 0, 0, 0, 104]     85.3191
ThoraricSurgery  3  150    71.0638   [0, 0, 0, 65, 13, 13, 13]   [0, 0, 0, 0, 0, 0, 104]     87.6596
ThoraricSurgery  5  150    83.617   [0, 0, 0, 65, 13, 13, 13]   [0, 0, 0, 0, 0, 0, 104]     85.7447
ThoraricSurgery  7  200    85.1064   [0, 0, 13, 0, 91, 0, 0]   [0, 0, 0, 0, 0, 0, 104]     85.3191
ThoraricSurgery  3  200    85.1064   [0, 0, 13, 0, 91, 0, 0]   [0, 0, 0, 0, 0, 0, 104]     87.6596
ThoraricSurgery  5  200    85.1064   [0, 0, 13, 0, 91, 0, 0]   [0, 0, 0, 0, 0, 0, 104]     85.7447
ThoraricSurgery  7  250    85.3191   [0, 0, 13, 39, 0, 0, 52]   [0, 0, 0, 0, 0, 0, 104]     85.3191
ThoraricSurgery  5  250    85.7447   [0, 0, 13, 39, 0, 0, 52]   [0, 0, 0, 0, 0, 0, 104]     85.7447
ThoraricSurgery  3  250    87.6596   [0, 0, 13, 39, 0, 0, 52]   [0, 0, 0, 0, 0, 0, 104]     87.6596
ThoraricSurgery  5  300    85.1064   [0, 0, 26, 0, 26, 26, 26]   [0, 0, 0, 0, 0, 0, 104]     85.7447
ThoraricSurgery  7  300    85.1064   [0, 0, 26, 0, 26, 26, 26]   [0, 0, 0, 0, 0, 0, 104]     85.3191
ThoraricSurgery  3  300    85.1064   [0, 0, 26, 0, 26, 26, 26]   [0, 0, 0, 0, 0, 0, 104]     87.6596
ThoraricSurgery  5  350    85.5319   [0, 0, 26, 39, 0, 13, 26]   [0, 0, 0, 0, 0, 0, 104]     85.7447
ThoraricSurgery  7  350    84.8936   [0, 0, 26, 39, 0, 13, 26]   [0, 0, 0, 0, 0, 0, 104]     85.3191
ThoraricSurgery  3  350    85.7447   [0, 0, 26, 39, 0, 13, 26]   [0, 0, 0, 0, 0, 0, 104]     87.6596
ThoraricSurgery  5  400    85.5319   [0, 0, 39, 13, 26, 13, 13]   [0, 0, 0, 0, 0, 0, 104]     85.7447
ThoraricSurgery  7  400    84.8936   [0, 0, 39, 13, 26, 13, 13]   [0, 0, 0, 0, 0, 0, 104]     85.3191
ThoraricSurgery  3  400    85.1064   [0, 0, 39, 13, 26, 13, 13]   [0, 0, 0, 0, 0, 0, 104]     87.6596
ThoraricSurgery  5  450    84.8936   [0, 0, 52, 26, 0, 0, 26]   [0, 0, 0, 0, 0, 0, 104]     85.7447
ThoraricSurgery  7  450    84.6809   [0, 0, 52, 26, 0, 0, 26]   [0, 0, 0, 0, 0, 0, 104]     85.3191
ThoraricSurgery  3  450    85.7447   [0, 0, 52, 26, 0, 0, 26]   [0, 0, 0, 0, 0, 0, 104]     87.6596
ThoraricSurgery  5  500    85.1064   [0, 13, 0, 0, 0, 65, 26]   [0, 0, 0, 0, 0, 0, 104]     85.7447
ThoraricSurgery  3  500    85.1064   [0, 13, 0, 0, 0, 65, 26]   [0, 0, 0, 0, 0, 0, 104]     87.6596
ThoraricSurgery  7  500    85.1064   [0, 13, 0, 0, 0, 65, 26]   [0, 0, 0, 0, 0, 0, 104]     85.3191
ThoraricSurgery  5  550    85.1064   [0, 13, 0, 13, 39, 13, 26]   [0, 0, 0, 0, 0, 0, 104]     85.7447
ThoraricSurgery  7  550    85.1064   [0, 13, 0, 13, 39, 13, 26]   [0, 0, 0, 0, 0, 0, 104]     85.3191
ThoraricSurgery  3  550    85.1064   [0, 13, 0, 13, 39, 13, 26]   [0, 0, 0, 0, 0, 0, 104]     87.6596
ThoraricSurgery  5  600    85.1064   [0, 13, 0, 52, 13, 13, 13]   [0, 0, 0, 0, 0, 0, 104]     85.7447
ThoraricSurgery  3  600    85.3191   [0, 13, 0, 52, 13, 13, 13]   [0, 0, 0, 0, 0, 0, 104]     87.6596
ThoraricSurgery  7  600    85.1064   [0, 13, 0, 52, 13, 13, 13]   [0, 0, 0, 0, 0, 0, 104]     85.3191
ThoraricSurgery  5  650    85.5319   [0, 13, 13, 13, 13, 13, 39]   [0, 0, 0, 0, 0, 0, 104]     85.7447
ThoraricSurgery  3  650    86.1702   [0, 13, 13, 13, 13, 13, 39]   [0, 0, 0, 0, 0, 0, 104]     87.6596
ThoraricSurgery  7  650    84.8936   [0, 13, 13, 13, 13, 13, 39]   [0, 0, 0, 0, 0, 0, 104]     85.3191
ThoraricSurgery  5  700    85.5319   [0, 13, 26, 0, 0, 13, 52]   [0, 0, 0, 0, 0, 0, 104]     85.7447
ThoraricSurgery  7  700    85.3191   [0, 13, 26, 0, 0, 13, 52]   [0, 0, 0, 0, 0, 0, 104]     85.3191
ThoraricSurgery  3  700    87.6596   [0, 13, 26, 0, 0, 13, 52]   [0, 0, 0, 0, 0, 0, 104]     87.6596
ThoraricSurgery  5  750    85.1064   [0, 13, 26, 39, 26, 0, 0]   [0, 0, 0, 0, 0, 0, 104]     85.7447
ThoraricSurgery  7  750    85.1064   [0, 13, 26, 39, 26, 0, 0]   [0, 0, 0, 0, 0, 0, 104]     85.3191
ThoraricSurgery  3  750    84.6809   [0, 13, 26, 39, 26, 0, 0]   [0, 0, 0, 0, 0, 0, 104]     87.6596
ThoraricSurgery  5  800    84.8936   [0, 13, 52, 13, 0, 0, 26]   [0, 0, 0, 0, 0, 0, 104]     85.7447
ThoraricSurgery  3  800    85.5319   [0, 13, 52, 13, 0, 0, 26]   [0, 0, 0, 0, 0, 0, 104]     87.6596
ThoraricSurgery  7  800    84.6809   [0, 13, 52, 13, 0, 0, 26]   [0, 0, 0, 0, 0, 0, 104]     85.3191
ThoraricSurgery  5  850    85.1064   [0, 26, 0, 0, 65, 0, 13]   [0, 0, 0, 0, 0, 0, 104]     85.7447
ThoraricSurgery  7  850    85.1064   [0, 26, 0, 0, 65, 0, 13]   [0, 0, 0, 0, 0, 0, 104]     85.3191
ThoraricSurgery  3  850    85.1064   [0, 26, 0, 0, 65, 0, 13]   [0, 0, 0, 0, 0, 0, 104]     87.6596
ThoraricSurgery  5  900    85.1064   [0, 26, 0, 52, 0, 13, 13]   [0, 0, 0, 0, 0, 0, 104]     85.7447
ThoraricSurgery  3  900    85.3191   [0, 26, 0, 52, 0, 13, 13]   [0, 0, 0, 0, 0, 0, 104]     87.6596
ThoraricSurgery  7  900    85.1064   [0, 26, 0, 52, 0, 13, 13]   [0, 0, 0, 0, 0, 0, 104]     85.3191
ThoraricSurgery  5  950    85.1064   [0, 26, 13, 26, 13, 13, 13]   [0, 0, 0, 0, 0, 0, 104]     85.7447
ThoraricSurgery  7  950    85.1064   [0, 26, 13, 26, 13, 13, 13]   [0, 0, 0, 0, 0, 0, 104]     85.3191
ThoraricSurgery  3  950    85.1064   [0, 26, 13, 26, 13, 13, 13]   [0, 0, 0, 0, 0, 0, 104]     87.6596
ThoraricSurgery  5  1000    85.5319   [0, 26, 39, 0, 0, 0, 39]   [0, 0, 0, 0, 0, 0, 104]     85.7447
ThoraricSurgery  3  1000    85.9574   [0, 26, 39, 0, 0, 0, 39]   [0, 0, 0, 0, 0, 0, 104]     87.6596
ThoraricSurgery  7  1000    84.8936   [0, 26, 39, 0, 0, 0, 39]   [0, 0, 0, 0, 0, 0, 104]     85.3191
ThoraricSurgery  5  1050    85.1064   [0, 39, 0, 0, 39, 0, 26]   [0, 0, 0, 0, 0, 0, 104]     85.7447
ThoraricSurgery  7  1050    85.1064   [0, 39, 0, 0, 39, 0, 26]   [0, 0, 0, 0, 0, 0, 104]     85.3191
ThoraricSurgery  3  1050    85.1064   [0, 39, 0, 0, 39, 0, 26]   [0, 0, 0, 0, 0, 0, 104]     87.6596
ThoraricSurgery  5  1100    85.1064   [0, 39, 13, 0, 26, 0, 26]   [0, 0, 0, 0, 0, 0, 104]     85.7447
ThoraricSurgery  3  1100    85.1064   [0, 39, 13, 0, 26, 0, 26]   [0, 0, 0, 0, 0, 0, 104]     87.6596
ThoraricSurgery  7  1100    85.1064   [0, 39, 13, 0, 26, 0, 26]   [0, 0, 0, 0, 0, 0, 104]     85.3191
ThoraricSurgery  5  1150    85.1064   [0, 39, 39, 0, 13, 13, 0]   [0, 0, 0, 0, 0, 0, 104]     85.7447
ThoraricSurgery  3  1150    85.1064   [0, 39, 39, 0, 13, 13, 0]   [0, 0, 0, 0, 0, 0, 104]     87.6596
ThoraricSurgery  7  1150    85.1064   [0, 39, 39, 0, 13, 13, 0]   [0, 0, 0, 0, 0, 0, 104]     85.3191
ThoraricSurgery  5  1200    85.1064   [0, 52, 13, 0, 13, 0, 26]   [0, 0, 0, 0, 0, 0, 104]     85.7447
ThoraricSurgery  7  1200    85.1064   [0, 52, 13, 0, 13, 0, 26]   [0, 0, 0, 0, 0, 0, 104]     85.3191
ThoraricSurgery  3  1200    85.1064   [0, 52, 13, 0, 13, 0, 26]   [0, 0, 0, 0, 0, 0, 104]     87.6596
ThoraricSurgery  5  1250    85.1064   [0, 65, 0, 39, 0, 0, 0]   [0, 0, 0, 0, 0, 0, 104]     85.7447
ThoraricSurgery  3  1250    85.1064   [0, 65, 0, 39, 0, 0, 0]   [0, 0, 0, 0, 0, 0, 104]     87.6596
ThoraricSurgery  7  1250    85.1064   [0, 65, 0, 39, 0, 0, 0]   [0, 0, 0, 0, 0, 0, 104]     85.3191
ThoraricSurgery  5  1300    85.1064   [13, 0, 0, 0, 13, 65, 13]   [0, 0, 0, 0, 0, 0, 104]     85.7447
ThoraricSurgery  3  1300    85.1064   [13, 0, 0, 0, 13, 65, 13]   [0, 0, 0, 0, 0, 0, 104]     87.6596
ThoraricSurgery  7  1300    85.1064   [13, 0, 0, 0, 13, 65, 13]   [0, 0, 0, 0, 0, 0, 104]     85.3191
ThoraricSurgery  5  1350    85.1064   [13, 0, 0, 13, 78, 0, 0]   [0, 0, 0, 0, 0, 0, 104]     85.7447
ThoraricSurgery  3  1350    85.1064   [13, 0, 0, 13, 78, 0, 0]   [0, 0, 0, 0, 0, 0, 104]     87.6596
ThoraricSurgery  7  1350    85.1064   [13, 0, 0, 13, 78, 0, 0]   [0, 0, 0, 0, 0, 0, 104]     85.3191
ThoraricSurgery  5  1400    83.617   [13, 0, 0, 65, 13, 0, 13]   [0, 0, 0, 0, 0, 0, 104]     85.7447
ThoraricSurgery  3  1400    71.0638   [13, 0, 0, 65, 13, 0, 13]   [0, 0, 0, 0, 0, 0, 104]     87.6596
ThoraricSurgery  7  1400    84.4681   [13, 0, 0, 65, 13, 0, 13]   [0, 0, 0, 0, 0, 0, 104]     85.3191
ThoraricSurgery  5  1450    84.8936   [13, 0, 13, 13, 39, 0, 26]   [0, 0, 0, 0, 0, 0, 104]     85.7447
ThoraricSurgery  3  1450    85.1064   [13, 0, 13, 13, 39, 0, 26]   [0, 0, 0, 0, 0, 0, 104]     87.6596
ThoraricSurgery  7  1450    85.1064   [13, 0, 13, 13, 39, 0, 26]   [0, 0, 0, 0, 0, 0, 104]     85.3191
ThoraricSurgery  5  1500    85.1064   [13, 0, 26, 0, 13, 39, 13]   [0, 0, 0, 0, 0, 0, 104]     85.7447
ThoraricSurgery  7  1500    85.1064   [13, 0, 26, 0, 13, 39, 13]   [0, 0, 0, 0, 0, 0, 104]     85.3191
ThoraricSurgery  3  1500    85.1064   [13, 0, 26, 0, 13, 39, 13]   [0, 0, 0, 0, 0, 0, 104]     87.6596
ThoraricSurgery  5  1550    84.8936   [13, 0, 39, 0, 0, 39, 13]   [0, 0, 0, 0, 0, 0, 104]     85.7447
ThoraricSurgery  7  1550    85.1064   [13, 0, 39, 0, 0, 39, 13]   [0, 0, 0, 0, 0, 0, 104]     85.3191
ThoraricSurgery  3  1550    85.7447   [13, 0, 39, 0, 0, 39, 13]   [0, 0, 0, 0, 0, 0, 104]     87.6596
ThoraricSurgery  5  1600    84.8936   [13, 0, 52, 26, 13, 0, 0]   [0, 0, 0, 0, 0, 0, 104]     85.7447
ThoraricSurgery  7  1600    84.6809   [13, 0, 52, 26, 13, 0, 0]   [0, 0, 0, 0, 0, 0, 104]     85.3191
ThoraricSurgery  3  1600    85.1064   [13, 0, 52, 26, 13, 0, 0]   [0, 0, 0, 0, 0, 0, 104]     87.6596
ThoraricSurgery  5  1650    85.1064   [13, 13, 0, 13, 0, 65, 0]   [0, 0, 0, 0, 0, 0, 104]     85.7447
ThoraricSurgery  3  1650    85.1064   [13, 13, 0, 13, 0, 65, 0]   [0, 0, 0, 0, 0, 0, 104]     87.6596
ThoraricSurgery  7  1650    85.1064   [13, 13, 0, 13, 0, 65, 0]   [0, 0, 0, 0, 0, 0, 104]     85.3191
ThoraricSurgery  3  1700    71.0638   [13, 13, 0, 78, 0, 0, 0]   [0, 0, 0, 0, 0, 0, 104]     87.6596
ThoraricSurgery  5  1700    83.617   [13, 13, 0, 78, 0, 0, 0]   [0, 0, 0, 0, 0, 0, 104]     85.7447
ThoraricSurgery  7  1700    84.4681   [13, 13, 0, 78, 0, 0, 0]   [0, 0, 0, 0, 0, 0, 104]     85.3191
ThoraricSurgery  3  1750    85.3191   [13, 13, 13, 39, 13, 0, 13]   [0, 0, 0, 0, 0, 0, 104]     87.6596
ThoraricSurgery  7  1750    85.1064   [13, 13, 13, 39, 13, 0, 13]   [0, 0, 0, 0, 0, 0, 104]     85.3191
ThoraricSurgery  5  1750    85.1064   [13, 13, 13, 39, 13, 0, 13]   [0, 0, 0, 0, 0, 0, 104]     85.7447
ThoraricSurgery  3  1800    85.1064   [13, 13, 39, 0, 26, 13, 0]   [0, 0, 0, 0, 0, 0, 104]     87.6596
ThoraricSurgery  7  1800    85.1064   [13, 13, 39, 0, 26, 13, 0]   [0, 0, 0, 0, 0, 0, 104]     85.3191
ThoraricSurgery  5  1800    85.1064   [13, 13, 39, 0, 26, 13, 0]   [0, 0, 0, 0, 0, 0, 104]     85.7447
ThoraricSurgery  3  1850    85.1064   [13, 26, 0, 13, 0, 26, 26]   [0, 0, 0, 0, 0, 0, 104]     87.6596
ThoraricSurgery  7  1850    85.1064   [13, 26, 0, 13, 0, 26, 26]   [0, 0, 0, 0, 0, 0, 104]     85.3191
ThoraricSurgery  5  1850    85.1064   [13, 26, 0, 13, 0, 26, 26]   [0, 0, 0, 0, 0, 0, 104]     85.7447
ThoraricSurgery  3  1900    85.1064   [13, 26, 13, 13, 0, 26, 13]   [0, 0, 0, 0, 0, 0, 104]     87.6596
ThoraricSurgery  7  1900    85.1064   [13, 26, 13, 13, 0, 26, 13]   [0, 0, 0, 0, 0, 0, 104]     85.3191
ThoraricSurgery  5  1900    85.1064   [13, 26, 13, 13, 0, 26, 13]   [0, 0, 0, 0, 0, 0, 104]     85.7447
ThoraricSurgery  3  1950    85.5319   [13, 26, 52, 0, 13, 0, 0]   [0, 0, 0, 0, 0, 0, 104]     87.6596
ThoraricSurgery  7  1950    85.1064   [13, 26, 52, 0, 13, 0, 0]   [0, 0, 0, 0, 0, 0, 104]     85.3191
ThoraricSurgery  5  1950    84.8936   [13, 26, 52, 0, 13, 0, 0]   [0, 0, 0, 0, 0, 0, 104]     85.7447
ThoraricSurgery  3  2000    85.1064   [13, 39, 13, 13, 0, 26, 0]   [0, 0, 0, 0, 0, 0, 104]     87.6596
ThoraricSurgery  7  2000    85.1064   [13, 39, 13, 13, 0, 26, 0]   [0, 0, 0, 0, 0, 0, 104]     85.3191
ThoraricSurgery  5  2000    85.1064   [13, 39, 13, 13, 0, 26, 0]   [0, 0, 0, 0, 0, 0, 104]     85.7447
ThoraricSurgery  3  2050    85.1064   [13, 52, 13, 13, 0, 13, 0]   [0, 0, 0, 0, 0, 0, 104]     87.6596
ThoraricSurgery  7  2050    85.1064   [13, 52, 13, 13, 0, 13, 0]   [0, 0, 0, 0, 0, 0, 104]     85.3191
ThoraricSurgery  5  2050    85.1064   [13, 52, 13, 13, 0, 13, 0]   [0, 0, 0, 0, 0, 0, 104]     85.7447
ThoraricSurgery  3  2100    85.1064   [26, 0, 0, 0, 39, 39, 0]   [0, 0, 0, 0, 0, 0, 104]     87.6596
ThoraricSurgery  7  2100    85.1064   [26, 0, 0, 0, 39, 39, 0]   [0, 0, 0, 0, 0, 0, 104]     85.3191
ThoraricSurgery  5  2100    85.1064   [26, 0, 0, 0, 39, 39, 0]   [0, 0, 0, 0, 0, 0, 104]     85.7447
ThoraricSurgery  3  2150    85.7447   [26, 0, 0, 39, 26, 0, 13]   [0, 0, 0, 0, 0, 0, 104]     87.6596
ThoraricSurgery  7  2150    85.1064   [26, 0, 0, 39, 26, 0, 13]   [0, 0, 0, 0, 0, 0, 104]     85.3191
ThoraricSurgery  5  2150    85.1064   [26, 0, 0, 39, 26, 0, 13]   [0, 0, 0, 0, 0, 0, 104]     85.7447
ThoraricSurgery  3  2200    85.9574   [26, 0, 13, 26, 0, 13, 26]   [0, 0, 0, 0, 0, 0, 104]     87.6596
ThoraricSurgery  7  2200    85.1064   [26, 0, 13, 26, 0, 13, 26]   [0, 0, 0, 0, 0, 0, 104]     85.3191
ThoraricSurgery  5  2200    84.8936   [26, 0, 13, 26, 0, 13, 26]   [0, 0, 0, 0, 0, 0, 104]     85.7447
ThoraricSurgery  3  2250    85.7447   [26, 0, 26, 39, 0, 0, 13]   [0, 0, 0, 0, 0, 0, 104]     87.6596
ThoraricSurgery  7  2250    85.1064   [26, 0, 26, 39, 0, 0, 13]   [0, 0, 0, 0, 0, 0, 104]     85.3191
ThoraricSurgery  5  2250    84.8936   [26, 0, 26, 39, 0, 0, 13]   [0, 0, 0, 0, 0, 0, 104]     85.7447
ThoraricSurgery  3  2300    85.9574   [26, 13, 0, 0, 26, 0, 39]   [0, 0, 0, 0, 0, 0, 104]     87.6596
ThoraricSurgery  7  2300    85.1064   [26, 13, 0, 0, 26, 0, 39]   [0, 0, 0, 0, 0, 0, 104]     85.3191
ThoraricSurgery  5  2300    84.8936   [26, 13, 0, 0, 26, 0, 39]   [0, 0, 0, 0, 0, 0, 104]     85.7447
ThoraricSurgery  7  2350    85.1064   [26, 13, 13, 0, 13, 0, 39]   [0, 0, 0, 0, 0, 0, 104]     85.3191
ThoraricSurgery  3  2350    86.1702   [26, 13, 13, 0, 13, 0, 39]   [0, 0, 0, 0, 0, 0, 104]     87.6596
ThoraricSurgery  5  2350    84.8936   [26, 13, 13, 0, 13, 0, 39]   [0, 0, 0, 0, 0, 0, 104]     85.7447
ThoraricSurgery  7  2400    84.8936   [26, 13, 39, 0, 0, 0, 26]   [0, 0, 0, 0, 0, 0, 104]     85.3191
ThoraricSurgery  3  2400    85.7447   [26, 13, 39, 0, 0, 0, 26]   [0, 0, 0, 0, 0, 0, 104]     87.6596
ThoraricSurgery  5  2400    85.5319   [26, 13, 39, 0, 0, 0, 26]   [0, 0, 0, 0, 0, 0, 104]     85.7447
ThoraricSurgery  7  2450    85.1064   [26, 26, 13, 0, 0, 0, 39]   [0, 0, 0, 0, 0, 0, 104]     85.3191
ThoraricSurgery  3  2450    86.1702   [26, 26, 13, 0, 0, 0, 39]   [0, 0, 0, 0, 0, 0, 104]     87.6596
ThoraricSurgery  7  2500    85.1064   [26, 39, 0, 13, 26, 0, 0]   [0, 0, 0, 0, 0, 0, 104]     85.3191
ThoraricSurgery  5  2450    84.8936   [26, 26, 13, 0, 0, 0, 39]   [0, 0, 0, 0, 0, 0, 104]     85.7447
ThoraricSurgery  3  2500    85.1064   [26, 39, 0, 13, 26, 0, 0]   [0, 0, 0, 0, 0, 0, 104]     87.6596
ThoraricSurgery  7  2550    85.1064   [39, 0, 0, 0, 13, 39, 13]   [0, 0, 0, 0, 0, 0, 104]     85.3191
ThoraricSurgery  3  2550    85.1064   [39, 0, 0, 0, 13, 39, 13]   [0, 0, 0, 0, 0, 0, 104]     87.6596
ThoraricSurgery  7  2600    85.1064   [39, 0, 13, 0, 0, 39, 13]   [0, 0, 0, 0, 0, 0, 104]     85.3191
ThoraricSurgery  5  2500    85.1064   [26, 39, 0, 13, 26, 0, 0]   [0, 0, 0, 0, 0, 0, 104]     85.7447
ThoraricSurgery  3  2600    85.7447   [39, 0, 13, 0, 0, 39, 13]   [0, 0, 0, 0, 0, 0, 104]     87.6596
ThoraricSurgery  7  2650    85.1064   [39, 0, 26, 26, 13, 0, 0]   [0, 0, 0, 0, 0, 0, 104]     85.3191
ThoraricSurgery  5  2550    85.1064   [39, 0, 0, 0, 13, 39, 13]   [0, 0, 0, 0, 0, 0, 104]     85.7447
ThoraricSurgery  3  2650    85.3191   [39, 0, 26, 26, 13, 0, 0]   [0, 0, 0, 0, 0, 0, 104]     87.6596
ThoraricSurgery  7  2700    85.1064   [39, 13, 0, 39, 13, 0, 0]   [0, 0, 0, 0, 0, 0, 104]     85.3191
ThoraricSurgery  5  2600    84.8936   [39, 0, 13, 0, 0, 39, 13]   [0, 0, 0, 0, 0, 0, 104]     85.7447
ThoraricSurgery  3  2700    85.7447   [39, 13, 0, 39, 13, 0, 0]   [0, 0, 0, 0, 0, 0, 104]     87.6596
ThoraricSurgery  5  2650    84.8936   [39, 0, 26, 26, 13, 0, 0]   [0, 0, 0, 0, 0, 0, 104]     85.7447
ThoraricSurgery  3  2750    85.3191   [39, 26, 0, 13, 13, 0, 13]   [0, 0, 0, 0, 0, 0, 104]     87.6596
ThoraricSurgery  7  2750    85.1064   [39, 26, 0, 13, 13, 0, 13]   [0, 0, 0, 0, 0, 0, 104]     85.3191
ThoraricSurgery  3  2800    85.9574   [52, 0, 0, 0, 13, 26, 13]   [0, 0, 0, 0, 0, 0, 104]     87.6596
ThoraricSurgery  7  2800    85.1064   [52, 0, 0, 0, 13, 26, 13]   [0, 0, 0, 0, 0, 0, 104]     85.3191
ThoraricSurgery  5  2700    85.1064   [39, 13, 0, 39, 13, 0, 0]   [0, 0, 0, 0, 0, 0, 104]     85.7447
ThoraricSurgery  3  2850    85.5319   [52, 0, 26, 0, 0, 26, 0]   [0, 0, 0, 0, 0, 0, 104]     87.6596
ThoraricSurgery  7  2850    85.1064   [52, 0, 26, 0, 0, 26, 0]   [0, 0, 0, 0, 0, 0, 104]     85.3191
ThoraricSurgery  5  2750    84.8936   [39, 26, 0, 13, 13, 0, 13]   [0, 0, 0, 0, 0, 0, 104]     85.7447
ThoraricSurgery  7  2900    85.1064   [52, 26, 0, 0, 0, 26, 0]   [0, 0, 0, 0, 0, 0, 104]     85.3191
ThoraricSurgery  3  2900    85.1064   [52, 26, 0, 0, 0, 26, 0]   [0, 0, 0, 0, 0, 0, 104]     87.6596
ThoraricSurgery  7  2950    85.1064   [65, 0, 26, 0, 0, 13, 0]   [0, 0, 0, 0, 0, 0, 104]     85.3191
ThoraricSurgery  3  2950    86.1702   [65, 0, 26, 0, 0, 13, 0]   [0, 0, 0, 0, 0, 0, 104]     87.6596
ThoraricSurgery  5  2800    84.8936   [52, 0, 0, 0, 13, 26, 13]   [0, 0, 0, 0, 0, 0, 104]     85.7447
ThoraricSurgery  7  3000    85.1064   [91, 0, 13, 0, 0, 0, 0]   [0, 0, 0, 0, 0, 0, 104]     85.3191
ThoraricSurgery  3  3000    86.1702   [91, 0, 13, 0, 0, 0, 0]   [0, 0, 0, 0, 0, 0, 104]     87.6596
ThoraricSurgery  5  2850    84.8936   [52, 0, 26, 0, 0, 26, 0]   [0, 0, 0, 0, 0, 0, 104]     85.7447
ThoraricSurgery  5  2900    85.1064   [52, 26, 0, 0, 0, 26, 0]   [0, 0, 0, 0, 0, 0, 104]     85.7447
ThoraricSurgery  5  2950    85.3191   [65, 0, 26, 0, 0, 13, 0]   [0, 0, 0, 0, 0, 0, 104]     85.7447
ThoraricSurgery  5  3000    85.3191   [91, 0, 13, 0, 0, 0, 0]   [0, 0, 0, 0, 0, 0, 104]     85.7447
