------------------------------------------------------------------
 dataset  k  step    acc   weights   best_weights     best_acc    
------------------------------------------------------------------
wdbc  7  0    96.125   [0, 0, 0, 0, 0, 0, 104]   [0, 0, 0, 0, 0, 0, 104]     96.125
wdbc  3  0    97.5536   [0, 0, 0, 0, 0, 0, 104]   [0, 0, 0, 0, 0, 0, 104]     97.5536
wdbc  5  0    97.0179   [0, 0, 0, 0, 0, 0, 104]   [0, 0, 0, 0, 0, 0, 104]     97.0179
wdbc  7  1    96.1429   [0, 0, 0, 0, 0, 13, 91]   [0, 0, 0, 0, 0, 13, 91]     96.1429
wdbc  3  3    97.5714   [0, 0, 0, 0, 0, 39, 65]   [0, 0, 0, 0, 0, 39, 65]     97.5714
wdbc  7  3    96.1786   [0, 0, 0, 0, 0, 39, 65]   [0, 0, 0, 0, 0, 39, 65]     96.1786
wdbc  5  3    97.0714   [0, 0, 0, 0, 0, 39, 65]   [0, 0, 0, 0, 0, 39, 65]     97.0714
wdbc  3  14    98.0714   [0, 0, 0, 0, 13, 65, 26]   [0, 0, 0, 0, 13, 65, 26]     98.0714
wdbc  7  14    96.5357   [0, 0, 0, 0, 13, 65, 26]   [0, 0, 0, 0, 13, 65, 26]     96.5357
wdbc  7  50    39.5893   [0, 0, 0, 13, 0, 65, 26]   [0, 0, 0, 0, 13, 65, 26]     96.5357
wdbc  3  50    37.2679   [0, 0, 0, 13, 0, 65, 26]   [0, 0, 0, 0, 13, 65, 26]     98.0714
wdbc  5  50    39.5893   [0, 0, 0, 13, 0, 65, 26]   [0, 0, 0, 0, 0, 39, 65]     97.0714
wdbc  7  62    96.5714   [0, 0, 0, 13, 26, 26, 39]   [0, 0, 0, 13, 26, 26, 39]     96.5714
wdbc  3  95    98.0893   [0, 0, 0, 26, 26, 13, 39]   [0, 0, 0, 26, 26, 13, 39]     98.0893
wdbc  3  100    98.0536   [0, 0, 0, 26, 39, 13, 26]   [0, 0, 0, 26, 26, 13, 39]     98.0893
wdbc  7  100    96.4821   [0, 0, 0, 26, 39, 13, 26]   [0, 0, 0, 13, 26, 26, 39]     96.5714
wdbc  5  100    96.6607   [0, 0, 0, 26, 39, 13, 26]   [0, 0, 0, 0, 0, 39, 65]     97.0714
wdbc  3  150    37.125   [0, 0, 0, 65, 13, 13, 13]   [0, 0, 0, 26, 26, 13, 39]     98.0893
wdbc  7  150    39.3929   [0, 0, 0, 65, 13, 13, 13]   [0, 0, 0, 13, 26, 26, 39]     96.5714
wdbc  5  150    39.3929   [0, 0, 0, 65, 13, 13, 13]   [0, 0, 0, 0, 0, 39, 65]     97.0714
wdbc  3  176    98.4286   [0, 0, 13, 0, 13, 39, 39]   [0, 0, 13, 0, 13, 39, 39]     98.4286
wdbc  3  177    98.4643   [0, 0, 13, 0, 13, 52, 26]   [0, 0, 13, 0, 13, 52, 26]     98.4643
wdbc  7  200    96.1607   [0, 0, 13, 0, 91, 0, 0]   [0, 0, 0, 13, 26, 26, 39]     96.5714
wdbc  3  200    97.75   [0, 0, 13, 0, 91, 0, 0]   [0, 0, 13, 0, 13, 52, 26]     98.4643
wdbc  5  176    97.2143   [0, 0, 13, 0, 13, 39, 39]   [0, 0, 13, 0, 13, 39, 39]     97.2143
wdbc  5  177    97.2321   [0, 0, 13, 0, 13, 52, 26]   [0, 0, 13, 0, 13, 52, 26]     97.2321
wdbc  3  211    98.5   [0, 0, 13, 13, 13, 39, 26]   [0, 0, 13, 13, 13, 39, 26]     98.5
wdbc  5  200    96.1607   [0, 0, 13, 0, 91, 0, 0]   [0, 0, 13, 0, 13, 52, 26]     97.2321
wdbc  5  211    97.3036   [0, 0, 13, 13, 13, 39, 26]   [0, 0, 13, 13, 13, 39, 26]     97.3036
wdbc  7  250    96.1429   [0, 0, 13, 39, 0, 0, 52]   [0, 0, 0, 13, 26, 26, 39]     96.5714
wdbc  3  250    97.5536   [0, 0, 13, 39, 0, 0, 52]   [0, 0, 13, 13, 13, 39, 26]     98.5
wdbc  5  250    97.0357   [0, 0, 13, 39, 0, 0, 52]   [0, 0, 13, 13, 13, 39, 26]     97.3036
wdbc  3  300    98.4107   [0, 0, 26, 0, 26, 26, 26]   [0, 0, 13, 13, 13, 39, 26]     98.5
wdbc  7  300    96.1786   [0, 0, 26, 0, 26, 26, 26]   [0, 0, 0, 13, 26, 26, 39]     96.5714
wdbc  5  300    96.8929   [0, 0, 26, 0, 26, 26, 26]   [0, 0, 13, 13, 13, 39, 26]     97.3036
wdbc  3  350    97.2321   [0, 0, 26, 39, 0, 13, 26]   [0, 0, 13, 13, 13, 39, 26]     98.5
wdbc  7  350    95.8214   [0, 0, 26, 39, 0, 13, 26]   [0, 0, 0, 13, 26, 26, 39]     96.5714
wdbc  3  400    97.1429   [0, 0, 39, 13, 26, 13, 13]   [0, 0, 13, 13, 13, 39, 26]     98.5
wdbc  7  400    95.5714   [0, 0, 39, 13, 26, 13, 13]   [0, 0, 0, 13, 26, 26, 39]     96.5714
wdbc  5  350    96.5179   [0, 0, 26, 39, 0, 13, 26]   [0, 0, 13, 13, 13, 39, 26]     97.3036
wdbc  3  450    94.75   [0, 0, 52, 26, 0, 0, 26]   [0, 0, 13, 13, 13, 39, 26]     98.5
wdbc  7  450    93.4821   [0, 0, 52, 26, 0, 0, 26]   [0, 0, 0, 13, 26, 26, 39]     96.5714
wdbc  5  400    96.1071   [0, 0, 39, 13, 26, 13, 13]   [0, 0, 13, 13, 13, 39, 26]     97.3036
wdbc  3  500    37.3036   [0, 13, 0, 0, 0, 65, 26]   [0, 0, 13, 13, 13, 39, 26]     98.5
wdbc  7  500    96.1786   [0, 13, 0, 0, 0, 65, 26]   [0, 0, 0, 13, 26, 26, 39]     96.5714
wdbc  5  450    94.375   [0, 0, 52, 26, 0, 0, 26]   [0, 0, 13, 13, 13, 39, 26]     97.3036
wdbc  3  550    98.0893   [0, 13, 0, 13, 39, 13, 26]   [0, 0, 13, 13, 13, 39, 26]     98.5
wdbc  7  550    96.1429   [0, 13, 0, 13, 39, 13, 26]   [0, 0, 0, 13, 26, 26, 39]     96.5714
wdbc  5  500    97.0357   [0, 13, 0, 0, 0, 65, 26]   [0, 0, 13, 13, 13, 39, 26]     97.3036
wdbc  3  600    37.3036   [0, 13, 0, 52, 13, 13, 13]   [0, 0, 13, 13, 13, 39, 26]     98.5
wdbc  7  600    96.4821   [0, 13, 0, 52, 13, 13, 13]   [0, 0, 0, 13, 26, 26, 39]     96.5714
wdbc  5  550    96.1429   [0, 13, 0, 13, 39, 13, 26]   [0, 0, 13, 13, 13, 39, 26]     97.3036
wdbc  3  650    98.3929   [0, 13, 13, 13, 13, 13, 39]   [0, 0, 13, 13, 13, 39, 26]     98.5
wdbc  7  650    96.0893   [0, 13, 13, 13, 13, 13, 39]   [0, 0, 0, 13, 26, 26, 39]     96.5714
wdbc  3  700    97.5357   [0, 13, 26, 0, 0, 13, 52]   [0, 0, 13, 13, 13, 39, 26]     98.5
wdbc  7  700    96.1429   [0, 13, 26, 0, 0, 13, 52]   [0, 0, 0, 13, 26, 26, 39]     96.5714
wdbc  5  600    96.6786   [0, 13, 0, 52, 13, 13, 13]   [0, 0, 13, 13, 13, 39, 26]     97.3036
wdbc  3  750    96.8214   [0, 13, 26, 39, 26, 0, 0]   [0, 0, 13, 13, 13, 39, 26]     98.5
wdbc  7  750    95.7857   [0, 13, 26, 39, 26, 0, 0]   [0, 0, 0, 13, 26, 26, 39]     96.5714
wdbc  5  650    96.9821   [0, 13, 13, 13, 13, 13, 39]   [0, 0, 13, 13, 13, 39, 26]     97.3036
wdbc  3  800    94.7143   [0, 13, 52, 13, 0, 0, 26]   [0, 0, 13, 13, 13, 39, 26]     98.5
wdbc  7  800    93.4643   [0, 13, 52, 13, 0, 0, 26]   [0, 0, 0, 13, 26, 26, 39]     96.5714
wdbc  3  850    97.7321   [0, 26, 0, 0, 65, 0, 13]   [0, 0, 13, 13, 13, 39, 26]     98.5
wdbc  7  850    96.1607   [0, 26, 0, 0, 65, 0, 13]   [0, 0, 0, 13, 26, 26, 39]     96.5714
wdbc  3  900    37.4107   [0, 26, 0, 52, 0, 13, 13]   [0, 0, 13, 13, 13, 39, 26]     98.5
wdbc  7  900    96.1429   [0, 26, 0, 52, 0, 13, 13]   [0, 0, 0, 13, 26, 26, 39]     96.5714
wdbc  5  700    97.0179   [0, 13, 26, 0, 0, 13, 52]   [0, 0, 13, 13, 13, 39, 26]     97.3036
wdbc  3  950    96.8214   [0, 26, 13, 26, 13, 13, 13]   [0, 0, 13, 13, 13, 39, 26]     98.5
wdbc  7  950    96.125   [0, 26, 13, 26, 13, 13, 13]   [0, 0, 0, 13, 26, 26, 39]     96.5714
wdbc  3  1000    97.1964   [0, 26, 39, 0, 0, 0, 39]   [0, 0, 13, 13, 13, 39, 26]     98.5
wdbc  7  1000    93.9107   [0, 26, 39, 0, 0, 0, 39]   [0, 0, 0, 13, 26, 26, 39]     96.5714
wdbc  5  750    95.6071   [0, 13, 26, 39, 26, 0, 0]   [0, 0, 13, 13, 13, 39, 26]     97.3036
wdbc  3  1050    98.125   [0, 39, 0, 0, 39, 0, 26]   [0, 0, 13, 13, 13, 39, 26]     98.5
wdbc  7  1050    95.8571   [0, 39, 0, 0, 39, 0, 26]   [0, 0, 0, 13, 26, 26, 39]     96.5714
wdbc  3  1100    98.0714   [0, 39, 13, 0, 26, 0, 26]   [0, 0, 13, 13, 13, 39, 26]     98.5
wdbc  7  1100    95.7321   [0, 39, 13, 0, 26, 0, 26]   [0, 0, 0, 13, 26, 26, 39]     96.5714
wdbc  5  800    94.3571   [0, 13, 52, 13, 0, 0, 26]   [0, 0, 13, 13, 13, 39, 26]     97.3036
wdbc  3  1150    96.8929   [0, 39, 39, 0, 13, 13, 0]   [0, 0, 13, 13, 13, 39, 26]     98.5
wdbc  7  1150    93.5   [0, 39, 39, 0, 13, 13, 0]   [0, 0, 0, 13, 26, 26, 39]     96.5714
wdbc  3  1200    96.7857   [0, 52, 13, 0, 13, 0, 26]   [0, 0, 13, 13, 13, 39, 26]     98.5
wdbc  7  1200    93.6429   [0, 52, 13, 0, 13, 0, 26]   [0, 0, 0, 13, 26, 26, 39]     96.5714
wdbc  5  850    96.1429   [0, 26, 0, 0, 65, 0, 13]   [0, 0, 13, 13, 13, 39, 26]     97.3036
wdbc  3  1250    37.0893   [0, 65, 0, 39, 0, 0, 0]   [0, 0, 13, 13, 13, 39, 26]     98.5
wdbc  7  1250    62.9107   [0, 65, 0, 39, 0, 0, 0]   [0, 0, 0, 13, 26, 26, 39]     96.5714
wdbc  3  1300    97.3214   [13, 0, 0, 0, 13, 65, 13]   [0, 0, 13, 13, 13, 39, 26]     98.5
wdbc  7  1300    96.1071   [13, 0, 0, 0, 13, 65, 13]   [0, 0, 0, 13, 26, 26, 39]     96.5714
wdbc  3  1350    97.6964   [13, 0, 0, 13, 78, 0, 0]   [0, 0, 13, 13, 13, 39, 26]     98.5
wdbc  7  1350    96.125   [13, 0, 0, 13, 78, 0, 0]   [0, 0, 0, 13, 26, 26, 39]     96.5714
wdbc  5  900    97.0179   [0, 26, 0, 52, 0, 13, 13]   [0, 0, 13, 13, 13, 39, 26]     97.3036
wdbc  3  1400    97.3571   [13, 0, 0, 65, 13, 0, 13]   [0, 0, 13, 13, 13, 39, 26]     98.5
wdbc  7  1400    96.1071   [13, 0, 0, 65, 13, 0, 13]   [0, 0, 0, 13, 26, 26, 39]     96.5714
wdbc  3  1450    97.9107   [13, 0, 13, 13, 39, 0, 26]   [0, 0, 13, 13, 13, 39, 26]     98.5
wdbc  7  1450    95.9821   [13, 0, 13, 13, 39, 0, 26]   [0, 0, 0, 13, 26, 26, 39]     96.5714
wdbc  5  950    96.8929   [0, 26, 13, 26, 13, 13, 13]   [0, 0, 13, 13, 13, 39, 26]     97.3036
wdbc  3  1500    97.125   [13, 0, 26, 0, 13, 39, 13]   [0, 0, 13, 13, 13, 39, 26]     98.5
wdbc  7  1500    95.6607   [13, 0, 26, 0, 13, 39, 13]   [0, 0, 0, 13, 26, 26, 39]     96.5714
wdbc  3  1550    95.8036   [13, 0, 39, 0, 0, 39, 13]   [0, 0, 13, 13, 13, 39, 26]     98.5
wdbc  7  1550    94.6964   [13, 0, 39, 0, 0, 39, 13]   [0, 0, 0, 13, 26, 26, 39]     96.5714
wdbc  3  1600    94.7679   [13, 0, 52, 26, 13, 0, 0]   [0, 0, 13, 13, 13, 39, 26]     98.5
wdbc  7  1600    93.5357   [13, 0, 52, 26, 13, 0, 0]   [0, 0, 0, 13, 26, 26, 39]     96.5714
wdbc  5  1000    94.9821   [0, 26, 39, 0, 0, 0, 39]   [0, 0, 13, 13, 13, 39, 26]     97.3036
wdbc  3  1650    37.3036   [13, 13, 0, 13, 0, 65, 0]   [0, 0, 13, 13, 13, 39, 26]     98.5
wdbc  7  1650    39.5893   [13, 13, 0, 13, 0, 65, 0]   [0, 0, 0, 13, 26, 26, 39]     96.5714
wdbc  3  1700    37.3036   [13, 13, 0, 78, 0, 0, 0]   [0, 0, 13, 13, 13, 39, 26]     98.5
wdbc  7  1700    37.3036   [13, 13, 0, 78, 0, 0, 0]   [0, 0, 0, 13, 26, 26, 39]     96.5714
wdbc  5  1050    96.5536   [0, 39, 0, 0, 39, 0, 26]   [0, 0, 13, 13, 13, 39, 26]     97.3036
wdbc  3  1750    98.0357   [13, 13, 13, 39, 13, 0, 13]   [0, 0, 13, 13, 13, 39, 26]     98.5
wdbc  7  1750    96.3036   [13, 13, 13, 39, 13, 0, 13]   [0, 0, 0, 13, 26, 26, 39]     96.5714
wdbc  5  1100    96.4464   [0, 39, 13, 0, 26, 0, 26]   [0, 0, 13, 13, 13, 39, 26]     97.3036
wdbc  3  1800    95.5536   [13, 13, 39, 0, 26, 13, 0]   [0, 0, 13, 13, 13, 39, 26]     98.5
wdbc  7  1800    93.9643   [13, 13, 39, 0, 26, 13, 0]   [0, 0, 0, 13, 26, 26, 39]     96.5714
wdbc  3  1850    97.3929   [13, 26, 0, 13, 0, 26, 26]   [0, 0, 13, 13, 13, 39, 26]     98.5
wdbc  7  1850    96.1429   [13, 26, 0, 13, 0, 26, 26]   [0, 0, 0, 13, 26, 26, 39]     96.5714
wdbc  5  1150    94.3929   [0, 39, 39, 0, 13, 13, 0]   [0, 0, 13, 13, 13, 39, 26]     97.3036
wdbc  3  1900    96.4643   [13, 26, 13, 13, 0, 26, 13]   [0, 0, 13, 13, 13, 39, 26]     98.5
wdbc  7  1900    95.375   [13, 26, 13, 13, 0, 26, 13]   [0, 0, 0, 13, 26, 26, 39]     96.5714
wdbc  3  1950    94.6964   [13, 26, 52, 0, 13, 0, 0]   [0, 0, 13, 13, 13, 39, 26]     98.5
wdbc  7  1950    93.4821   [13, 26, 52, 0, 13, 0, 0]   [0, 0, 0, 13, 26, 26, 39]     96.5714
wdbc  5  1200    94.6964   [0, 52, 13, 0, 13, 0, 26]   [0, 0, 13, 13, 13, 39, 26]     97.3036
wdbc  3  2000    37.375   [13, 39, 13, 13, 0, 26, 0]   [0, 0, 13, 13, 13, 39, 26]     98.5
wdbc  7  2000    93.5   [13, 39, 13, 13, 0, 26, 0]   [0, 0, 0, 13, 26, 26, 39]     96.5714
wdbc  5  1250    62.9107   [0, 65, 0, 39, 0, 0, 0]   [0, 0, 13, 13, 13, 39, 26]     97.3036
wdbc  7  2050    93.4643   [13, 52, 13, 13, 0, 13, 0]   [0, 0, 0, 13, 26, 26, 39]     96.5714
wdbc  3  2050    37.3036   [13, 52, 13, 13, 0, 13, 0]   [0, 0, 13, 13, 13, 39, 26]     98.5
wdbc  5  1300    95.75   [13, 0, 0, 0, 13, 65, 13]   [0, 0, 13, 13, 13, 39, 26]     97.3036
wdbc  3  2100    96.9643   [26, 0, 0, 0, 39, 39, 0]   [0, 0, 13, 13, 13, 39, 26]     98.5
wdbc  7  2100    95.7143   [26, 0, 0, 0, 39, 39, 0]   [0, 0, 0, 13, 26, 26, 39]     96.5714
wdbc  5  1350    96.125   [13, 0, 0, 13, 78, 0, 0]   [0, 0, 13, 13, 13, 39, 26]     97.3036
wdbc  7  2150    95.875   [26, 0, 0, 39, 26, 0, 13]   [0, 0, 0, 13, 26, 26, 39]     96.5714
wdbc  3  2150    97.0536   [26, 0, 0, 39, 26, 0, 13]   [0, 0, 13, 13, 13, 39, 26]     98.5
wdbc  5  1400    95.7679   [13, 0, 0, 65, 13, 0, 13]   [0, 0, 13, 13, 13, 39, 26]     97.3036
wdbc  3  2200    97.375   [26, 0, 13, 26, 0, 13, 26]   [0, 0, 13, 13, 13, 39, 26]     98.5
wdbc  7  2200    95.9821   [26, 0, 13, 26, 0, 13, 26]   [0, 0, 0, 13, 26, 26, 39]     96.5714
wdbc  3  2250    95.125   [26, 0, 26, 39, 0, 0, 13]   [0, 0, 13, 13, 13, 39, 26]     98.5
wdbc  7  2250    94.25   [26, 0, 26, 39, 0, 0, 13]   [0, 0, 0, 13, 26, 26, 39]     96.5714
wdbc  5  1450    96.6964   [13, 0, 13, 13, 39, 0, 26]   [0, 0, 13, 13, 13, 39, 26]     97.3036
wdbc  3  2300    97.6964   [26, 13, 0, 0, 26, 0, 39]   [0, 0, 13, 13, 13, 39, 26]     98.5
wdbc  7  2300    95.9643   [26, 13, 0, 0, 26, 0, 39]   [0, 0, 0, 13, 26, 26, 39]     96.5714
wdbc  5  1500    96.2143   [13, 0, 26, 0, 13, 39, 13]   [0, 0, 13, 13, 13, 39, 26]     97.3036
wdbc  3  2350    98.25   [26, 13, 13, 0, 13, 0, 39]   [0, 0, 13, 13, 13, 39, 26]     98.5
wdbc  7  2350    96.1429   [26, 13, 13, 0, 13, 0, 39]   [0, 0, 0, 13, 26, 26, 39]     96.5714
wdbc  5  1550    95.3929   [13, 0, 39, 0, 0, 39, 13]   [0, 0, 13, 13, 13, 39, 26]     97.3036
wdbc  3  2400    96.6607   [26, 13, 39, 0, 0, 0, 26]   [0, 0, 13, 13, 13, 39, 26]     98.5
wdbc  7  2400    95.4464   [26, 13, 39, 0, 0, 0, 26]   [0, 0, 0, 13, 26, 26, 39]     96.5714
wdbc  5  1600    94.4107   [13, 0, 52, 26, 13, 0, 0]   [0, 0, 13, 13, 13, 39, 26]     97.3036
wdbc  3  2450    98.0714   [26, 26, 13, 0, 0, 0, 39]   [0, 0, 13, 13, 13, 39, 26]     98.5
wdbc  7  2450    95.0536   [26, 26, 13, 0, 0, 0, 39]   [0, 0, 0, 13, 26, 26, 39]     96.5714
wdbc  3  2500    97.0357   [26, 39, 0, 13, 26, 0, 0]   [0, 0, 13, 13, 13, 39, 26]     98.5
wdbc  7  2500    94.5357   [26, 39, 0, 13, 26, 0, 0]   [0, 0, 0, 13, 26, 26, 39]     96.5714
wdbc  5  1650    39.5893   [13, 13, 0, 13, 0, 65, 0]   [0, 0, 13, 13, 13, 39, 26]     97.3036
wdbc  3  2550    97.0179   [39, 0, 0, 0, 13, 39, 13]   [0, 0, 13, 13, 13, 39, 26]     98.5
wdbc  7  2550    95.5893   [39, 0, 0, 0, 13, 39, 13]   [0, 0, 0, 13, 26, 26, 39]     96.5714
wdbc  3  2600    96   [39, 0, 13, 0, 0, 39, 13]   [0, 0, 13, 13, 13, 39, 26]     98.5
wdbc  7  2600    94.9286   [39, 0, 13, 0, 0, 39, 13]   [0, 0, 0, 13, 26, 26, 39]     96.5714
wdbc  5  1700    37.3036   [13, 13, 0, 78, 0, 0, 0]   [0, 0, 13, 13, 13, 39, 26]     97.3036
wdbc  3  2650    95.8393   [39, 0, 26, 26, 13, 0, 0]   [0, 0, 13, 13, 13, 39, 26]     98.5
wdbc  7  2650    94.7679   [39, 0, 26, 26, 13, 0, 0]   [0, 0, 0, 13, 26, 26, 39]     96.5714
wdbc  3  2700    94.6607   [39, 13, 0, 39, 13, 0, 0]   [0, 0, 13, 13, 13, 39, 26]     98.5
wdbc  7  2700    94.1786   [39, 13, 0, 39, 13, 0, 0]   [0, 0, 0, 13, 26, 26, 39]     96.5714
wdbc  5  1750    96.6786   [13, 13, 13, 39, 13, 0, 13]   [0, 0, 13, 13, 13, 39, 26]     97.3036
wdbc  3  2750    97.0357   [39, 26, 0, 13, 13, 0, 13]   [0, 0, 13, 13, 13, 39, 26]     98.5
wdbc  7  2750    94.1964   [39, 26, 0, 13, 13, 0, 13]   [0, 0, 0, 13, 26, 26, 39]     96.5714
wdbc  5  1800    94.6607   [13, 13, 39, 0, 26, 13, 0]   [0, 0, 13, 13, 13, 39, 26]     97.3036
wdbc  3  2800    94.75   [52, 0, 0, 0, 13, 26, 13]   [0, 0, 13, 13, 13, 39, 26]     98.5
wdbc  7  2800    94.2321   [52, 0, 0, 0, 13, 26, 13]   [0, 0, 0, 13, 26, 26, 39]     96.5714
wdbc  3  2850    94.7679   [52, 0, 26, 0, 0, 26, 0]   [0, 0, 13, 13, 13, 39, 26]     98.5
wdbc  7  2850    94.2321   [52, 0, 26, 0, 0, 26, 0]   [0, 0, 0, 13, 26, 26, 39]     96.5714
wdbc  5  1850    97.0179   [13, 26, 0, 13, 0, 26, 26]   [0, 0, 13, 13, 13, 39, 26]     97.3036
wdbc  3  2900    94.75   [52, 26, 0, 0, 0, 26, 0]   [0, 0, 13, 13, 13, 39, 26]     98.5
wdbc  7  2900    94.25   [52, 26, 0, 0, 0, 26, 0]   [0, 0, 0, 13, 26, 26, 39]     96.5714
wdbc  5  1900    95.9107   [13, 26, 13, 13, 0, 26, 13]   [0, 0, 13, 13, 13, 39, 26]     97.3036
wdbc  3  2950    94.7679   [65, 0, 26, 0, 0, 13, 0]   [0, 0, 13, 13, 13, 39, 26]     98.5
wdbc  7  2950    94.1786   [65, 0, 26, 0, 0, 13, 0]   [0, 0, 0, 13, 26, 26, 39]     96.5714
wdbc  3  3000    94.7679   [91, 0, 13, 0, 0, 0, 0]   [0, 0, 13, 13, 13, 39, 26]     98.5
wdbc  7  3000    94.25   [91, 0, 13, 0, 0, 0, 0]   [0, 0, 0, 13, 26, 26, 39]     96.5714
wdbc  5  1950    94.375   [13, 26, 52, 0, 13, 0, 0]   [0, 0, 13, 13, 13, 39, 26]     97.3036
wdbc  5  2000    93.8214   [13, 39, 13, 13, 0, 26, 0]   [0, 0, 13, 13, 13, 39, 26]     97.3036
wdbc  5  2050    93.8036   [13, 52, 13, 13, 0, 13, 0]   [0, 0, 13, 13, 13, 39, 26]     97.3036
wdbc  5  2100    95.1786   [26, 0, 0, 0, 39, 39, 0]   [0, 0, 13, 13, 13, 39, 26]     97.3036
wdbc  5  2150    95.3393   [26, 0, 0, 39, 26, 0, 13]   [0, 0, 13, 13, 13, 39, 26]     97.3036
wdbc  5  2200    96.3214   [26, 0, 13, 26, 0, 13, 26]   [0, 0, 13, 13, 13, 39, 26]     97.3036
wdbc  5  2250    94.7857   [26, 0, 26, 39, 0, 0, 13]   [0, 0, 13, 13, 13, 39, 26]     97.3036
wdbc  5  2300    96.6786   [26, 13, 0, 0, 26, 0, 39]   [0, 0, 13, 13, 13, 39, 26]     97.3036
wdbc  5  2350    96.875   [26, 13, 13, 0, 13, 0, 39]   [0, 0, 13, 13, 13, 39, 26]     97.3036
wdbc  5  2400    95.9821   [26, 13, 39, 0, 0, 0, 26]   [0, 0, 13, 13, 13, 39, 26]     97.3036
wdbc  5  2450    95.9464   [26, 26, 13, 0, 0, 0, 39]   [0, 0, 13, 13, 13, 39, 26]     97.3036
wdbc  5  2500    95.0714   [26, 39, 0, 13, 26, 0, 0]   [0, 0, 13, 13, 13, 39, 26]     97.3036
wdbc  5  2550    95.75   [39, 0, 0, 0, 13, 39, 13]   [0, 0, 13, 13, 13, 39, 26]     97.3036
wdbc  5  2600    95.2679   [39, 0, 13, 0, 0, 39, 13]   [0, 0, 13, 13, 13, 39, 26]     97.3036
wdbc  5  2650    95.125   [39, 0, 26, 26, 13, 0, 0]   [0, 0, 13, 13, 13, 39, 26]     97.3036
wdbc  5  2700    94.1786   [39, 13, 0, 39, 13, 0, 0]   [0, 0, 13, 13, 13, 39, 26]     97.3036
wdbc  5  2750    94.1964   [39, 26, 0, 13, 13, 0, 13]   [0, 0, 13, 13, 13, 39, 26]     97.3036
wdbc  5  2800    94.2679   [52, 0, 0, 0, 13, 26, 13]   [0, 0, 13, 13, 13, 39, 26]     97.3036
wdbc  5  2850    94.2321   [52, 0, 26, 0, 0, 26, 0]   [0, 0, 13, 13, 13, 39, 26]     97.3036
wdbc  5  2900    94.25   [52, 26, 0, 0, 0, 26, 0]   [0, 0, 13, 13, 13, 39, 26]     97.3036
wdbc  5  2950    94.1786   [65, 0, 26, 0, 0, 13, 0]   [0, 0, 13, 13, 13, 39, 26]     97.3036
wdbc  5  3000    94.2857   [91, 0, 13, 0, 0, 0, 0]   [0, 0, 13, 13, 13, 39, 26]     97.3036
